The system is: Windows - 10.0.19042 - AMD64
Compiling the C compiler identification source file "CMakeCCompilerId.c" succeeded.
Compiler: D:/Program Files (x86)/Microsoft Visual Studio/2019/Community/VC/Tools/MSVC/14.28.29333/bin/Hostx64/x64/cl.exe 
Build flags: 
Id flags:  

The output was:
0
用于 x64 的 Microsoft (R) C/C++ 优化编译器 19.28.29336 版
版权所有(C) Microsoft Corporation。保留所有权利。

CMakeCCompilerId.c
Microsoft (R) Incremental Linker Version 14.28.29336.0
Copyright (C) Microsoft Corporation.  All rights reserved.

/out:CMakeCCompilerId.exe 
CMakeCCompilerId.obj 


Compilation of the C compiler identification source "CMakeCCompilerId.c" produced "CMakeCCompilerId.exe"

Compilation of the C compiler identification source "CMakeCCompilerId.c" produced "CMakeCCompilerId.obj"

The C compiler identification is MSVC, found in "D:/clang/untitled1/cmake-build-debug/CMakeFiles/3.17.5/CompilerIdC/CMakeCCompilerId.exe"

Determining if the C compiler works passed with the following output:
Change Dir: D:/clang/untitled1/cmake-build-debug/CMakeFiles/CMakeTmp

Run Build Command(s):nmake /nologo cmTC_c0deb\fast && 	"D:\Program Files (x86)\Microsoft Visual Studio\2019\Community\VC\Tools\MSVC\14.28.29333\bin\HostX64\x64\nmake.exe"  -f CMakeFiles\cmTC_c0deb.dir\build.make /nologo -L                  CMakeFiles\cmTC_c0deb.dir\build
Building C object CMakeFiles/cmTC_c0deb.dir/testCCompiler.c.obj
	"D:\Program Files (x86)\Microsoft Visual Studio\2019\Community\VC\Tools\MSVC\14.28.29333\bin\Hostx64\x64\cl.exe" @C:\Users\soyum\AppData\Local\Temp\nmBE9F.tmp
testCCompiler.c
Linking C executable cmTC_c0deb.exe
	C:\Users\soyum\AppData\Local\JetBrains\Toolbox\apps\CLion\ch-0\203.6682.181\bin\cmake\win\bin\cmake.exe -E vs_link_exe --intdir=CMakeFiles\cmTC_c0deb.dir --rc="E:\Windows Kits\10\bin\10.0.18362.0\x64\rc.exe" --mt="E:\Windows Kits\10\bin\10.0.18362.0\x64\mt.exe" --manifests  -- "D:\Program Files (x86)\Microsoft Visual Studio\2019\Community\VC\Tools\MSVC\14.28.29333\bin\Hostx64\x64\link.exe" /nologo @CMakeFiles\cmTC_c0deb.dir\objects1.rsp @C:\Users\soyum\AppData\Local\Temp\nmBEDE.tmp



Detecting C compiler ABI info compiled with the following output:
Change Dir: D:/clang/untitled1/cmake-build-debug/CMakeFiles/CMakeTmp

Run Build Command(s):nmake /nologo cmTC_b6f52\fast && 	"D:\Program Files (x86)\Microsoft Visual Studio\2019\Community\VC\Tools\MSVC\14.28.29333\bin\HostX64\x64\nmake.exe"  -f CMakeFiles\cmTC_b6f52.dir\build.make /nologo -L                  CMakeFiles\cmTC_b6f52.dir\build
Building C object CMakeFiles/cmTC_b6f52.dir/CMakeCCompilerABI.c.obj
	"D:\Program Files (x86)\Microsoft Visual Studio\2019\Community\VC\Tools\MSVC\14.28.29333\bin\Hostx64\x64\cl.exe" @C:\Users\soyum\AppData\Local\Temp\nmC16E.tmp
CMakeCCompilerABI.c
Linking C executable cmTC_b6f52.exe
	C:\Users\soyum\AppData\Local\JetBrains\Toolbox\apps\CLion\ch-0\203.6682.181\bin\cmake\win\bin\cmake.exe -E vs_link_exe --intdir=CMakeFiles\cmTC_b6f52.dir --rc="E:\Windows Kits\10\bin\10.0.18362.0\x64\rc.exe" --mt="E:\Windows Kits\10\bin\10.0.18362.0\x64\mt.exe" --manifests  -- "D:\Program Files (x86)\Microsoft Visual Studio\2019\Community\VC\Tools\MSVC\14.28.29333\bin\Hostx64\x64\link.exe" /nologo @CMakeFiles\cmTC_b6f52.dir\objects1.rsp @C:\Users\soyum\AppData\Local\Temp\nmC1CD.tmp



